
2024-09-24 20:54:22 | {"state_dir": "state_attack_cpa", "log_dir": "log_attack_cpa", "tb_log_dir": "tb_log_attack_cpa", "setting": "DPA_S", "mode": "train", "one_client_idx": 0, "max_epoch": 10000, "log_per_epoch": 1, "check_per_epoch": 10, "isolation_name_list": null, "batch_size": 512, "test_batch_size": 512, "num_neg": 256, "lr": 0.001, "max_round": 200, "local_epoch": 3, "fraction": 1, "log_per_round": 1, "check_per_round": 5, "early_stop_patience": 5, "gamma": 10.0, "epsilon": 2.0, "hidden_dim": 128, "gpu": "cpu", "num_cpu": 10, "adversarial_temperature": 1.0, "seed": 12345, "num_client": 3, "save_client_path": "./client_data/", "dataset_name": "FB15k237", "server_model": "TransE", "client_model": "TransE", "attack_entity_ratio": 10, "poisoned_triples_path": "./poisoned_triples_path/", "victim_client": 1, "poisoning_attack_type": "random"}
2024-09-24 20:59:35 | round: 0 | loss: 0.4421
2024-09-24 21:04:49 | round: 1 | loss: 0.3426
2024-09-24 21:09:31 | round: 2 | loss: 0.2906
2024-09-24 21:14:11 | round: 3 | loss: 0.2632
2024-09-24 21:18:30 | round: 4 | loss: 0.2459
2024-09-24 21:22:49 | round: 5 | loss: 0.2355
2024-09-24 21:22:49 | ************ the test about poisoned datasets in all clients **********
2024-09-24 21:23:07 | mrr: 0.4522, hits@1: 0.3638, hits@5: 0.5567, hits@10: 0.6217
2024-09-24 21:23:29 | mrr: 0.3016, hits@1: 0.1899, hits@5: 0.4248, hits@10: 0.5276
2024-09-24 21:23:45 | mrr: 0.3473, hits@1: 0.2806, hits@5: 0.4148, hits@10: 0.4737
2024-09-24 21:23:45 | mrr: 0.3651, hits@1: 0.2740, hits@5: 0.4664, hits@10: 0.5441
2024-09-24 21:23:45 | best model | mrr 0.3651
2024-09-24 21:28:03 | round: 6 | loss: 0.2277
2024-09-24 21:32:21 | round: 7 | loss: 0.2226
2024-09-24 21:36:44 | round: 8 | loss: 0.2180
2024-09-24 21:41:12 | round: 9 | loss: 0.2151
2024-09-24 21:45:35 | round: 10 | loss: 0.2121
2024-09-24 21:45:35 | ************ the test about poisoned datasets in all clients **********
2024-09-24 21:45:54 | mrr: 0.4776, hits@1: 0.3912, hits@5: 0.5789, hits@10: 0.6455
2024-09-24 21:46:16 | mrr: 0.3256, hits@1: 0.2080, hits@5: 0.4582, hits@10: 0.5708
2024-09-24 21:46:32 | mrr: 0.3723, hits@1: 0.2997, hits@5: 0.4482, hits@10: 0.5123
2024-09-24 21:46:32 | mrr: 0.3899, hits@1: 0.2955, hits@5: 0.4960, hits@10: 0.5794
2024-09-24 21:46:32 | best model | mrr 0.3899
2024-09-24 21:51:47 | round: 11 | loss: 0.2099
2024-09-24 21:56:21 | round: 12 | loss: 0.2080
2024-09-24 22:00:44 | round: 13 | loss: 0.2066
2024-09-24 22:05:06 | round: 14 | loss: 0.2051
2024-09-24 22:09:33 | round: 15 | loss: 0.2040
2024-09-24 22:09:33 | ************ the test about poisoned datasets in all clients **********
2024-09-24 22:09:52 | mrr: 0.4824, hits@1: 0.3947, hits@5: 0.5869, hits@10: 0.6518
2024-09-24 22:10:13 | mrr: 0.3313, hits@1: 0.2094, hits@5: 0.4634, hits@10: 0.5806
2024-09-24 22:10:30 | mrr: 0.3808, hits@1: 0.3057, hits@5: 0.4570, hits@10: 0.5203
2024-09-24 22:10:30 | mrr: 0.3961, hits@1: 0.2989, hits@5: 0.5032, hits@10: 0.5876
2024-09-24 22:10:30 | best model | mrr 0.3961
2024-09-24 22:14:58 | round: 16 | loss: 0.2027
2024-09-24 22:19:25 | round: 17 | loss: 0.2018
2024-09-24 22:23:49 | round: 18 | loss: 0.2011
2024-09-24 22:28:18 | round: 19 | loss: 0.2008
2024-09-24 22:32:42 | round: 20 | loss: 0.1996
2024-09-24 22:32:42 | ************ the test about poisoned datasets in all clients **********
2024-09-24 22:33:01 | mrr: 0.4852, hits@1: 0.3978, hits@5: 0.5870, hits@10: 0.6539
2024-09-24 22:33:23 | mrr: 0.3359, hits@1: 0.2162, hits@5: 0.4651, hits@10: 0.5791
2024-09-24 22:33:40 | mrr: 0.3850, hits@1: 0.3082, hits@5: 0.4616, hits@10: 0.5304
2024-09-24 22:33:40 | mrr: 0.3999, hits@1: 0.3032, hits@5: 0.5051, hits@10: 0.5906
2024-09-24 22:33:40 | best model | mrr 0.3999
2024-09-24 22:38:02 | round: 21 | loss: 0.1994
2024-09-24 22:42:17 | round: 22 | loss: 0.1987
2024-09-24 22:46:29 | round: 23 | loss: 0.1989
2024-09-24 22:50:42 | round: 24 | loss: 0.1980
2024-09-24 22:54:55 | round: 25 | loss: 0.1978
2024-09-24 22:54:55 | ************ the test about poisoned datasets in all clients **********
2024-09-24 22:55:14 | mrr: 0.4837, hits@1: 0.3943, hits@5: 0.5879, hits@10: 0.6549
2024-09-24 22:55:35 | mrr: 0.3394, hits@1: 0.2188, hits@5: 0.4736, hits@10: 0.5859
2024-09-24 22:55:51 | mrr: 0.3868, hits@1: 0.3100, hits@5: 0.4634, hits@10: 0.5327
2024-09-24 22:55:51 | mrr: 0.4013, hits@1: 0.3036, hits@5: 0.5092, hits@10: 0.5942
2024-09-24 22:55:51 | best model | mrr 0.4013
2024-09-24 23:00:04 | round: 26 | loss: 0.1974
2024-09-24 23:04:16 | round: 27 | loss: 0.1969
2024-09-24 23:08:28 | round: 28 | loss: 0.1971
2024-09-24 23:12:42 | round: 29 | loss: 0.1966
2024-09-24 23:16:55 | round: 30 | loss: 0.1965
2024-09-24 23:16:55 | ************ the test about poisoned datasets in all clients **********
2024-09-24 23:17:14 | mrr: 0.4888, hits@1: 0.4011, hits@5: 0.5886, hits@10: 0.6555
2024-09-24 23:17:36 | mrr: 0.3382, hits@1: 0.2173, hits@5: 0.4748, hits@10: 0.5856
2024-09-24 23:17:52 | mrr: 0.3892, hits@1: 0.3133, hits@5: 0.4677, hits@10: 0.5321
2024-09-24 23:17:52 | mrr: 0.4033, hits@1: 0.3062, hits@5: 0.5111, hits@10: 0.5941
2024-09-24 23:17:52 | best model | mrr 0.4033
2024-09-24 23:22:04 | round: 31 | loss: 0.1960
2024-09-24 23:26:17 | round: 32 | loss: 0.1961
2024-09-24 23:30:30 | round: 33 | loss: 0.1958
2024-09-24 23:34:43 | round: 34 | loss: 0.1956
2024-09-24 23:38:55 | round: 35 | loss: 0.1951
2024-09-24 23:38:55 | ************ the test about poisoned datasets in all clients **********
2024-09-24 23:39:14 | mrr: 0.4875, hits@1: 0.3993, hits@5: 0.5888, hits@10: 0.6551
2024-09-24 23:39:35 | mrr: 0.3409, hits@1: 0.2208, hits@5: 0.4707, hits@10: 0.5885
2024-09-24 23:39:51 | mrr: 0.3903, hits@1: 0.3135, hits@5: 0.4690, hits@10: 0.5384
2024-09-24 23:39:51 | mrr: 0.4041, hits@1: 0.3070, hits@5: 0.5099, hits@10: 0.5968
2024-09-24 23:39:51 | best model | mrr 0.4041
2024-09-24 23:44:04 | round: 36 | loss: 0.1953
2024-09-24 23:48:17 | round: 37 | loss: 0.1951
2024-09-24 23:52:30 | round: 38 | loss: 0.1949
2024-09-24 23:56:43 | round: 39 | loss: 0.1950
2024-09-25 00:00:57 | round: 40 | loss: 0.1943
2024-09-25 00:00:57 | ************ the test about poisoned datasets in all clients **********
2024-09-25 00:01:15 | mrr: 0.4874, hits@1: 0.3985, hits@5: 0.5941, hits@10: 0.6586
2024-09-25 00:01:36 | mrr: 0.3416, hits@1: 0.2217, hits@5: 0.4753, hits@10: 0.5919
2024-09-25 00:01:52 | mrr: 0.3916, hits@1: 0.3150, hits@5: 0.4719, hits@10: 0.5349
2024-09-25 00:01:52 | mrr: 0.4048, hits@1: 0.3074, hits@5: 0.5143, hits@10: 0.5983
2024-09-25 00:01:52 | best model | mrr 0.4048
2024-09-25 00:06:05 | round: 41 | loss: 0.1945
2024-09-25 00:10:18 | round: 42 | loss: 0.1943
2024-09-25 00:14:32 | round: 43 | loss: 0.1939
2024-09-25 00:18:45 | round: 44 | loss: 0.1937
2024-09-25 00:22:57 | round: 45 | loss: 0.1940
2024-09-25 00:22:57 | ************ the test about poisoned datasets in all clients **********
2024-09-25 00:23:16 | mrr: 0.4888, hits@1: 0.4007, hits@5: 0.5912, hits@10: 0.6572
2024-09-25 00:23:37 | mrr: 0.3407, hits@1: 0.2194, hits@5: 0.4753, hits@10: 0.5879
2024-09-25 00:23:53 | mrr: 0.3913, hits@1: 0.3137, hits@5: 0.4704, hits@10: 0.5323
2024-09-25 00:23:53 | mrr: 0.4048, hits@1: 0.3070, hits@5: 0.5129, hits@10: 0.5956
2024-09-25 00:23:53 | best model | mrr 0.4048
2024-09-25 00:28:06 | round: 46 | loss: 0.1938
2024-09-25 00:32:19 | round: 47 | loss: 0.1938
2024-09-25 00:36:31 | round: 48 | loss: 0.1938
2024-09-25 00:40:43 | round: 49 | loss: 0.1938
2024-09-25 00:44:57 | round: 50 | loss: 0.1936
2024-09-25 00:44:57 | ************ the test about poisoned datasets in all clients **********
2024-09-25 00:45:15 | mrr: 0.4888, hits@1: 0.3999, hits@5: 0.5963, hits@10: 0.6555
2024-09-25 00:45:37 | mrr: 0.3402, hits@1: 0.2191, hits@5: 0.4719, hits@10: 0.5919
2024-09-25 00:45:53 | mrr: 0.3930, hits@1: 0.3144, hits@5: 0.4780, hits@10: 0.5389
2024-09-25 00:45:53 | mrr: 0.4051, hits@1: 0.3067, hits@5: 0.5155, hits@10: 0.5984
2024-09-25 00:45:53 | best model | mrr 0.4051
2024-09-25 00:50:05 | round: 51 | loss: 0.1935
2024-09-25 00:54:18 | round: 52 | loss: 0.1932
2024-09-25 00:58:30 | round: 53 | loss: 0.1929
2024-09-25 01:02:42 | round: 54 | loss: 0.1934
2024-09-25 01:06:55 | round: 55 | loss: 0.1931
2024-09-25 01:06:55 | ************ the test about poisoned datasets in all clients **********
2024-09-25 01:07:13 | mrr: 0.4876, hits@1: 0.3964, hits@5: 0.5938, hits@10: 0.6568
2024-09-25 01:07:35 | mrr: 0.3436, hits@1: 0.2240, hits@5: 0.4778, hits@10: 0.5905
2024-09-25 01:07:50 | mrr: 0.3941, hits@1: 0.3170, hits@5: 0.4754, hits@10: 0.5370
2024-09-25 01:07:50 | mrr: 0.4063, hits@1: 0.3082, hits@5: 0.5162, hits@10: 0.5978
2024-09-25 01:07:50 | best model | mrr 0.4063
2024-09-25 01:12:02 | round: 56 | loss: 0.1934
2024-09-25 01:16:15 | round: 57 | loss: 0.1932
2024-09-25 01:20:27 | round: 58 | loss: 0.1931
2024-09-25 01:24:40 | round: 59 | loss: 0.1932
2024-09-25 01:28:52 | round: 60 | loss: 0.1932
2024-09-25 01:28:52 | ************ the test about poisoned datasets in all clients **********
2024-09-25 01:29:11 | mrr: 0.4902, hits@1: 0.4009, hits@5: 0.5934, hits@10: 0.6562
2024-09-25 01:29:32 | mrr: 0.3435, hits@1: 0.2243, hits@5: 0.4778, hits@10: 0.5920
2024-09-25 01:29:48 | mrr: 0.3933, hits@1: 0.3164, hits@5: 0.4737, hits@10: 0.5393
2024-09-25 01:29:48 | mrr: 0.4069, hits@1: 0.3096, hits@5: 0.5156, hits@10: 0.5988
2024-09-25 01:29:48 | best model | mrr 0.4069
2024-09-25 01:34:01 | round: 61 | loss: 0.1930
2024-09-25 01:38:14 | round: 62 | loss: 0.1924
2024-09-25 01:42:26 | round: 63 | loss: 0.1931
2024-09-25 01:46:39 | round: 64 | loss: 0.1926
2024-09-25 01:50:52 | round: 65 | loss: 0.1927
2024-09-25 01:50:52 | ************ the test about poisoned datasets in all clients **********
2024-09-25 01:51:11 | mrr: 0.4898, hits@1: 0.4006, hits@5: 0.5936, hits@10: 0.6543
2024-09-25 01:51:32 | mrr: 0.3452, hits@1: 0.2261, hits@5: 0.4778, hits@10: 0.5928
2024-09-25 01:51:48 | mrr: 0.3950, hits@1: 0.3197, hits@5: 0.4729, hits@10: 0.5387
2024-09-25 01:51:48 | mrr: 0.4079, hits@1: 0.3112, hits@5: 0.5154, hits@10: 0.5982
2024-09-25 01:51:48 | best model | mrr 0.4079
2024-09-25 01:56:01 | round: 66 | loss: 0.1924
2024-09-25 02:00:13 | round: 67 | loss: 0.1927
2024-09-25 02:04:25 | round: 68 | loss: 0.1925
2024-09-25 02:08:38 | round: 69 | loss: 0.1924
2024-09-25 02:12:51 | round: 70 | loss: 0.1924
2024-09-25 02:12:51 | ************ the test about poisoned datasets in all clients **********
2024-09-25 02:13:10 | mrr: 0.4904, hits@1: 0.3997, hits@5: 0.5965, hits@10: 0.6568
2024-09-25 02:13:31 | mrr: 0.3433, hits@1: 0.2249, hits@5: 0.4756, hits@10: 0.5890
2024-09-25 02:13:47 | mrr: 0.3932, hits@1: 0.3150, hits@5: 0.4733, hits@10: 0.5411
2024-09-25 02:13:47 | mrr: 0.4068, hits@1: 0.3091, hits@5: 0.5156, hits@10: 0.5984
2024-09-25 02:13:47 | best model is at round 65, mrr 0.4079, bad count 1
2024-09-25 02:17:59 | round: 71 | loss: 0.1923
2024-09-25 02:22:12 | round: 72 | loss: 0.1923
2024-09-25 02:26:25 | round: 73 | loss: 0.1926
2024-09-25 02:30:37 | round: 74 | loss: 0.1924
2024-09-25 02:34:50 | round: 75 | loss: 0.1926
2024-09-25 02:34:50 | ************ the test about poisoned datasets in all clients **********
2024-09-25 02:35:08 | mrr: 0.4918, hits@1: 0.4028, hits@5: 0.5970, hits@10: 0.6587
2024-09-25 02:35:30 | mrr: 0.3434, hits@1: 0.2249, hits@5: 0.4734, hits@10: 0.5888
2024-09-25 02:35:46 | mrr: 0.3935, hits@1: 0.3156, hits@5: 0.4735, hits@10: 0.5395
2024-09-25 02:35:46 | mrr: 0.4075, hits@1: 0.3103, hits@5: 0.5151, hits@10: 0.5985
2024-09-25 02:35:46 | best model is at round 65, mrr 0.4079, bad count 2
2024-09-25 02:39:58 | round: 76 | loss: 0.1923
2024-09-25 02:44:11 | round: 77 | loss: 0.1923
2024-09-25 02:48:24 | round: 78 | loss: 0.1921
2024-09-25 02:52:37 | round: 79 | loss: 0.1923
2024-09-25 02:56:50 | round: 80 | loss: 0.1922
2024-09-25 02:56:50 | ************ the test about poisoned datasets in all clients **********
2024-09-25 02:57:09 | mrr: 0.4902, hits@1: 0.4006, hits@5: 0.5962, hits@10: 0.6568
2024-09-25 02:57:30 | mrr: 0.3446, hits@1: 0.2252, hits@5: 0.4775, hits@10: 0.5923
2024-09-25 02:57:46 | mrr: 0.3945, hits@1: 0.3170, hits@5: 0.4727, hits@10: 0.5393
2024-09-25 02:57:46 | mrr: 0.4076, hits@1: 0.3101, hits@5: 0.5161, hits@10: 0.5991
2024-09-25 02:57:46 | best model is at round 65, mrr 0.4079, bad count 3
2024-09-25 03:01:58 | round: 81 | loss: 0.1921
2024-09-25 03:06:11 | round: 82 | loss: 0.1919
2024-09-25 03:10:25 | round: 83 | loss: 0.1919
2024-09-25 03:14:38 | round: 84 | loss: 0.1924
2024-09-25 03:18:50 | round: 85 | loss: 0.1918
2024-09-25 03:18:50 | ************ the test about poisoned datasets in all clients **********
2024-09-25 03:19:08 | mrr: 0.4912, hits@1: 0.4019, hits@5: 0.5948, hits@10: 0.6572
2024-09-25 03:19:30 | mrr: 0.3447, hits@1: 0.2243, hits@5: 0.4746, hits@10: 0.5916
2024-09-25 03:19:46 | mrr: 0.3947, hits@1: 0.3177, hits@5: 0.4750, hits@10: 0.5382
2024-09-25 03:19:46 | mrr: 0.4081, hits@1: 0.3103, hits@5: 0.5152, hits@10: 0.5986
2024-09-25 03:19:46 | best model | mrr 0.4081
2024-09-25 03:23:59 | round: 86 | loss: 0.1925
2024-09-25 03:28:11 | round: 87 | loss: 0.1919
2024-09-25 03:32:24 | round: 88 | loss: 0.1919
2024-09-25 03:36:36 | round: 89 | loss: 0.1926
2024-09-25 03:40:48 | round: 90 | loss: 0.1921
2024-09-25 03:40:48 | ************ the test about poisoned datasets in all clients **********
2024-09-25 03:41:07 | mrr: 0.4926, hits@1: 0.4038, hits@5: 0.5926, hits@10: 0.6617
2024-09-25 03:41:28 | mrr: 0.3446, hits@1: 0.2268, hits@5: 0.4759, hits@10: 0.5928
2024-09-25 03:41:44 | mrr: 0.3958, hits@1: 0.3181, hits@5: 0.4745, hits@10: 0.5374
2024-09-25 03:41:44 | mrr: 0.4088, hits@1: 0.3121, hits@5: 0.5148, hits@10: 0.6004
2024-09-25 03:41:44 | best model | mrr 0.4088
2024-09-25 03:45:56 | round: 91 | loss: 0.1921
2024-09-25 03:50:08 | round: 92 | loss: 0.1917
2024-09-25 03:54:20 | round: 93 | loss: 0.1924
2024-09-25 03:58:32 | round: 94 | loss: 0.1921
2024-09-25 04:02:44 | round: 95 | loss: 0.1915
2024-09-25 04:02:44 | ************ the test about poisoned datasets in all clients **********
2024-09-25 04:03:03 | mrr: 0.4934, hits@1: 0.4055, hits@5: 0.5955, hits@10: 0.6565
2024-09-25 04:03:24 | mrr: 0.3420, hits@1: 0.2229, hits@5: 0.4760, hits@10: 0.5911
2024-09-25 04:03:40 | mrr: 0.3928, hits@1: 0.3146, hits@5: 0.4743, hits@10: 0.5382
2024-09-25 04:03:40 | mrr: 0.4073, hits@1: 0.3102, hits@5: 0.5157, hits@10: 0.5982
2024-09-25 04:03:40 | best model is at round 90, mrr 0.4088, bad count 1
2024-09-25 04:07:51 | round: 96 | loss: 0.1920
2024-09-25 04:12:04 | round: 97 | loss: 0.1918
2024-09-25 04:16:17 | round: 98 | loss: 0.1917
2024-09-25 04:20:28 | round: 99 | loss: 0.1918
2024-09-25 04:24:41 | round: 100 | loss: 0.1921
2024-09-25 04:24:41 | ************ the test about poisoned datasets in all clients **********
2024-09-25 04:25:00 | mrr: 0.4944, hits@1: 0.4066, hits@5: 0.5946, hits@10: 0.6586
2024-09-25 04:25:21 | mrr: 0.3445, hits@1: 0.2250, hits@5: 0.4769, hits@10: 0.5897
2024-09-25 04:25:36 | mrr: 0.3968, hits@1: 0.3191, hits@5: 0.4762, hits@10: 0.5397
2024-09-25 04:25:36 | mrr: 0.4097, hits@1: 0.3126, hits@5: 0.5163, hits@10: 0.5988
2024-09-25 04:25:36 | best model | mrr 0.4097
2024-09-25 04:29:49 | round: 101 | loss: 0.1921
2024-09-25 04:34:01 | round: 102 | loss: 0.1919
2024-09-25 04:38:13 | round: 103 | loss: 0.1915
2024-09-25 04:42:25 | round: 104 | loss: 0.1919
2024-09-25 04:46:37 | round: 105 | loss: 0.1917
2024-09-25 04:46:37 | ************ the test about poisoned datasets in all clients **********
2024-09-25 04:46:56 | mrr: 0.4927, hits@1: 0.4038, hits@5: 0.5957, hits@10: 0.6591
2024-09-25 04:47:17 | mrr: 0.3410, hits@1: 0.2214, hits@5: 0.4745, hits@10: 0.5910
2024-09-25 04:47:33 | mrr: 0.3930, hits@1: 0.3129, hits@5: 0.4776, hits@10: 0.5424
2024-09-25 04:47:33 | mrr: 0.4067, hits@1: 0.3085, hits@5: 0.5162, hits@10: 0.6002
2024-09-25 04:47:33 | best model is at round 100, mrr 0.4097, bad count 1
2024-09-25 04:51:45 | round: 106 | loss: 0.1919
2024-09-25 04:55:57 | round: 107 | loss: 0.1919
2024-09-25 05:00:09 | round: 108 | loss: 0.1915
2024-09-25 05:04:21 | round: 109 | loss: 0.1921
2024-09-25 05:08:33 | round: 110 | loss: 0.1915
2024-09-25 05:08:33 | ************ the test about poisoned datasets in all clients **********
2024-09-25 05:08:52 | mrr: 0.4923, hits@1: 0.4043, hits@5: 0.5941, hits@10: 0.6598
2024-09-25 05:09:13 | mrr: 0.3420, hits@1: 0.2229, hits@5: 0.4743, hits@10: 0.5916
2024-09-25 05:09:29 | mrr: 0.3928, hits@1: 0.3148, hits@5: 0.4721, hits@10: 0.5407
2024-09-25 05:09:29 | mrr: 0.4069, hits@1: 0.3098, hits@5: 0.5140, hits@10: 0.6002
2024-09-25 05:09:29 | best model is at round 100, mrr 0.4097, bad count 2
2024-09-25 05:13:41 | round: 111 | loss: 0.1916
2024-09-25 05:17:53 | round: 112 | loss: 0.1915
2024-09-25 05:22:05 | round: 113 | loss: 0.1916
2024-09-25 05:26:17 | round: 114 | loss: 0.1917
2024-09-25 05:30:29 | round: 115 | loss: 0.1916
2024-09-25 05:30:29 | ************ the test about poisoned datasets in all clients **********
2024-09-25 05:30:48 | mrr: 0.4908, hits@1: 0.4014, hits@5: 0.5941, hits@10: 0.6593
2024-09-25 05:31:09 | mrr: 0.3462, hits@1: 0.2271, hits@5: 0.4768, hits@10: 0.5905
2024-09-25 05:31:24 | mrr: 0.3942, hits@1: 0.3150, hits@5: 0.4762, hits@10: 0.5434
2024-09-25 05:31:24 | mrr: 0.4084, hits@1: 0.3105, hits@5: 0.5161, hits@10: 0.6004
2024-09-25 05:31:24 | best model is at round 100, mrr 0.4097, bad count 3
2024-09-25 05:35:36 | round: 116 | loss: 0.1918
2024-09-25 05:39:48 | round: 117 | loss: 0.1918
2024-09-25 05:44:00 | round: 118 | loss: 0.1918
2024-09-25 05:48:11 | round: 119 | loss: 0.1916
2024-09-25 05:52:24 | round: 120 | loss: 0.1919
2024-09-25 05:52:24 | ************ the test about poisoned datasets in all clients **********
2024-09-25 05:52:42 | mrr: 0.4916, hits@1: 0.4037, hits@5: 0.5919, hits@10: 0.6603
2024-09-25 05:53:03 | mrr: 0.3442, hits@1: 0.2241, hits@5: 0.4745, hits@10: 0.5934
2024-09-25 05:53:19 | mrr: 0.3941, hits@1: 0.3148, hits@5: 0.4774, hits@10: 0.5401
2024-09-25 05:53:19 | mrr: 0.4079, hits@1: 0.3101, hits@5: 0.5148, hits@10: 0.6009
2024-09-25 05:53:19 | best model is at round 100, mrr 0.4097, bad count 4
2024-09-25 05:57:31 | round: 121 | loss: 0.1914
2024-09-25 06:01:43 | round: 122 | loss: 0.1917
2024-09-25 06:05:55 | round: 123 | loss: 0.1921
2024-09-25 06:10:06 | round: 124 | loss: 0.1914
2024-09-25 06:14:18 | round: 125 | loss: 0.1915
2024-09-25 06:14:18 | ************ the test about poisoned datasets in all clients **********
2024-09-25 06:14:37 | mrr: 0.4923, hits@1: 0.4038, hits@5: 0.5957, hits@10: 0.6577
2024-09-25 06:14:58 | mrr: 0.3427, hits@1: 0.2223, hits@5: 0.4768, hits@10: 0.5885
2024-09-25 06:15:13 | mrr: 0.3937, hits@1: 0.3137, hits@5: 0.4778, hits@10: 0.5389
2024-09-25 06:15:13 | mrr: 0.4074, hits@1: 0.3091, hits@5: 0.5171, hits@10: 0.5978
2024-09-25 06:15:13 | best model is at round 100, mrr 0.4097, bad count 5
2024-09-25 06:15:13 | early stop at round 125
2024-09-25 06:15:13 | finish training
2024-09-25 06:15:13 | save best model
2024-09-25 06:15:14 | ************ the test about poisoned datasets in all clients **********
2024-09-25 06:15:35 | mrr: 0.4800, hits@1: 0.3924, hits@5: 0.5823, hits@10: 0.6493
2024-09-25 06:16:01 | mrr: 0.3351, hits@1: 0.2179, hits@5: 0.4650, hits@10: 0.5831
2024-09-25 06:16:18 | mrr: 0.3846, hits@1: 0.3062, hits@5: 0.4674, hits@10: 0.5317
2024-09-25 06:16:18 | mrr: 0.3969, hits@1: 0.3002, hits@5: 0.5048, hits@10: 0.5911